2026-04-25 19:12:05,216 INFO o.a.j.u.JMeterUtils: Setting Locale to en_EN
2026-04-25 19:12:05,228 INFO o.a.j.JMeter: Loading user properties from: /opt/homebrew/Cellar/jmeter/5.6.3/libexec/bin/user.properties
2026-04-25 19:12:05,228 INFO o.a.j.JMeter: Loading system properties from: /opt/homebrew/Cellar/jmeter/5.6.3/libexec/bin/system.properties
2026-04-25 19:12:05,230 INFO o.a.j.JMeter: Copyright (c) 1998-2024 The Apache Software Foundation
2026-04-25 19:12:05,230 INFO o.a.j.JMeter: Version 5.6.3
2026-04-25 19:12:05,231 INFO o.a.j.JMeter: java.version=21.0.11
2026-04-25 19:12:05,231 INFO o.a.j.JMeter: java.vm.name=OpenJDK 64-Bit Server VM
2026-04-25 19:12:05,231 INFO o.a.j.JMeter: os.name=Mac OS X
2026-04-25 19:12:05,231 INFO o.a.j.JMeter: os.arch=aarch64
2026-04-25 19:12:05,231 INFO o.a.j.JMeter: os.version=15.7.5
2026-04-25 19:12:05,231 INFO o.a.j.JMeter: file.encoding=UTF-8
2026-04-25 19:12:05,231 INFO o.a.j.JMeter: java.awt.headless=null
2026-04-25 19:12:05,231 INFO o.a.j.JMeter: Max memory     =1073741824
2026-04-25 19:12:05,231 INFO o.a.j.JMeter: Available Processors =10
2026-04-25 19:12:05,235 INFO o.a.j.JMeter: Default Locale=English (EN)
2026-04-25 19:12:05,235 INFO o.a.j.JMeter: JMeter  Locale=English (EN)
2026-04-25 19:12:05,235 INFO o.a.j.JMeter: JMeterHome=/opt/homebrew/Cellar/jmeter/5.6.3/libexec
2026-04-25 19:12:05,236 INFO o.a.j.JMeter: user.dir  =/Users/sanjay.shivam/Documents/UiAutomation
2026-04-25 19:12:05,236 INFO o.a.j.JMeter: PWD       =/Users/sanjay.shivam/Documents/UiAutomation
2026-04-25 19:12:05,238 INFO o.a.j.JMeter: IP: 192.168.1.17 Name: MBWACV-DYV0Q1WR3C FullName: 192.168.1.17
